# JRE version: OpenJDK Runtime Environment Temurin-17.0.7+7 (17.0.7+7) (build 17.0.7+7)
# Java VM: OpenJDK 64-Bit Server VM Temurin-17.0.7+7 (17.0.7+7, mixed mode, emulated-client, tiered, compressed oops, compressed class ptrs, g1 gc, windows-amd64)
GC Precious Log:
 CPUs: 4 total, 4 available
 Memory: 4002M
 Large Page Support: Disabled
 NUMA Support: Disabled
 Compressed Oops: Enabled (32-bit)
 Heap Region Size: 1M
 Heap Min Capacity: 8M
 Heap Initial Capacity: 64M
 Heap Max Capacity: 1002M
 Pre-touch: Disabled
 Parallel Workers: 4
 Concurrent Workers: 1
 Concurrent Refinement Workers: 4
 Periodic GC: Disabled
Heap:
 garbage-first heap   total 76800K, used 31035K [0x00000000c1600000, 0x0000000100000000)
  region size 1024K, 3 young (3072K), 3 survivors (3072K)
 Metaspace       used 83409K, committed 84096K, reserved 1179648K
  class space    used 11585K, committed 11904K, reserved 1048576K
GC Heap History (20 events):
Event: 194.312 GC heap after
{Heap after GC invocations=37 (full 1):
 garbage-first heap   total 76800K, used 26475K [0x00000000c1600000, 0x0000000100000000)
  region size 1024K, 0 young (0K), 0 survivors (0K)
 Metaspace       used 81432K, committed 82176K, reserved 1179648K
  class space    used 11424K, committed 11776K, reserved 1048576K
}
Event: 197.405 GC heap before
{Heap before GC invocations=37 (full 1):
 garbage-first heap   total 76800K, used 58219K [0x00000000c1600000, 0x0000000100000000)
  region size 1024K, 31 young (31744K), 0 survivors (0K)
 Metaspace       used 81655K, committed 82368K, reserved 1179648K
  class space    used 11449K, committed 11776K, reserved 1048576K
}
Event: 197.426 GC heap after
{Heap after GC invocations=38 (full 1):
 garbage-first heap   total 76800K, used 29660K [0x00000000c1600000, 0x0000000100000000)
  region size 1024K, 4 young (4096K), 4 survivors (4096K)
 Metaspace       used 81655K, committed 82368K, reserved 1179648K
  class space    used 11449K, committed 11776K, reserved 1048576K
}
Event: 198.386 GC heap before
{Heap before GC invocations=38 (full 1):
 garbage-first heap   total 76800K, used 56284K [0x00000000c1600000, 0x0000000100000000)
  region size 1024K, 31 young (31744K), 4 survivors (4096K)
 Metaspace       used 81802K, committed 82560K, reserved 1179648K
  class space    used 11474K, committed 11840K, reserved 1048576K
}
Event: 198.399 GC heap after
{Heap after GC invocations=39 (full 1):
 garbage-first heap   total 76800K, used 32424K [0x00000000c1600000, 0x0000000100000000)
  region size 1024K, 3 young (3072K), 3 survivors (3072K)
 Metaspace       used 81802K, committed 82560K, reserved 1179648K
  class space    used 11474K, committed 11840K, reserved 1048576K
}
Event: 199.644 GC heap before
{Heap before GC invocations=39 (full 1):
 garbage-first heap   total 76800K, used 58024K [0x00000000c1600000, 0x0000000100000000)
  region size 1024K, 28 young (28672K), 3 survivors (3072K)
 Metaspace       used 82281K, committed 83008K, reserved 1179648K
  class space    used 11510K, committed 11840K, reserved 1048576K
}
Event: 199.660 GC heap after
{Heap after GC invocations=40 (full 1):
 garbage-first heap   total 76800K, used 34651K [0x00000000c1600000, 0x0000000100000000)
  region size 1024K, 3 young (3072K), 3 survivors (3072K)
 Metaspace       used 82281K, committed 83008K, reserved 1179648K
  class space    used 11510K, committed 11840K, reserved 1048576K
}
Event: 216.749 GC heap before
{Heap before GC invocations=40 (full 1):
 garbage-first heap   total 76800K, used 58203K [0x00000000c1600000, 0x0000000100000000)
  region size 1024K, 26 young (26624K), 3 survivors (3072K)
 Metaspace       used 82467K, committed 83264K, reserved 1179648K
  class space    used 11526K, committed 11904K, reserved 1048576K
}
Event: 216.844 GC heap after
{Heap after GC invocations=41 (full 1):
 garbage-first heap   total 76800K, used 37207K [0x00000000c1600000, 0x0000000100000000)
  region size 1024K, 3 young (3072K), 3 survivors (3072K)
 Metaspace       used 82467K, committed 83264K, reserved 1179648K
  class space    used 11526K, committed 11904K, reserved 1048576K
}
Event: 217.807 GC heap before
{Heap before GC invocations=41 (full 1):
 garbage-first heap   total 76800K, used 37207K [0x00000000c1600000, 0x0000000100000000)
  region size 1024K, 4 young (4096K), 3 survivors (3072K)
 Metaspace       used 82266K, committed 83264K, reserved 1179648K
  class space    used 11474K, committed 11904K, reserved 1048576K
}
Event: 217.928 GC heap after
{Heap after GC invocations=42 (full 2):
 garbage-first heap   total 76800K, used 27579K [0x00000000c1600000, 0x0000000100000000)
  region size 1024K, 0 young (0K), 0 survivors (0K)
 Metaspace       used 82246K, committed 83264K, reserved 1179648K
  class space    used 11471K, committed 11904K, reserved 1048576K
}
Event: 219.954 GC heap before
{Heap before GC invocations=42 (full 2):
 garbage-first heap   total 76800K, used 58299K [0x00000000c1600000, 0x0000000100000000)
  region size 1024K, 30 young (30720K), 0 survivors (0K)
 Metaspace       used 82449K, committed 83264K, reserved 1179648K
  class space    used 11493K, committed 11904K, reserved 1048576K
}
Event: 219.959 GC heap after
{Heap after GC invocations=43 (full 2):
 garbage-first heap   total 76800K, used 30597K [0x00000000c1600000, 0x0000000100000000)
  region size 1024K, 3 young (3072K), 3 survivors (3072K)
 Metaspace       used 82449K, committed 83264K, reserved 1179648K
  class space    used 11493K, committed 11904K, reserved 1048576K
}
Event: 221.789 GC heap before
{Heap before GC invocations=43 (full 2):
 garbage-first heap   total 76800K, used 59269K [0x00000000c1600000, 0x0000000100000000)
  region size 1024K, 31 young (31744K), 3 survivors (3072K)
 Metaspace       used 82569K, committed 83328K, reserved 1179648K
  class space    used 11512K, committed 11904K, reserved 1048576K
}
Event: 221.800 GC heap after
{Heap after GC invocations=44 (full 2):
 garbage-first heap   total 76800K, used 33066K [0x00000000c1600000, 0x0000000100000000)
  region size 1024K, 3 young (3072K), 3 survivors (3072K)
 Metaspace       used 82569K, committed 83328K, reserved 1179648K
  class space    used 11512K, committed 11904K, reserved 1048576K
}
Event: 223.235 GC heap before
{Heap before GC invocations=44 (full 2):
 garbage-first heap   total 76800K, used 59690K [0x00000000c1600000, 0x0000000100000000)
  region size 1024K, 29 young (29696K), 3 survivors (3072K)
 Metaspace       used 83167K, committed 83904K, reserved 1179648K
  class space    used 11556K, committed 11904K, reserved 1048576K
}
Event: 223.244 GC heap after
{Heap after GC invocations=45 (full 2):
 garbage-first heap   total 76800K, used 34448K [0x00000000c1600000, 0x0000000100000000)
  region size 1024K, 2 young (2048K), 2 survivors (2048K)
 Metaspace       used 83167K, committed 83904K, reserved 1179648K
  class space    used 11556K, committed 11904K, reserved 1048576K
}
Event: 232.028 GC heap before
{Heap before GC invocations=45 (full 2):
 garbage-first heap   total 76800K, used 51856K [0x00000000c1600000, 0x0000000100000000)
  region size 1024K, 20 young (20480K), 2 survivors (2048K)
 Metaspace       used 83213K, committed 83904K, reserved 1179648K
  class space    used 11562K, committed 11904K, reserved 1048576K
}
Event: 232.195 GC heap after
{Heap after GC invocations=46 (full 3):
 garbage-first heap   total 76800K, used 28227K [0x00000000c1600000, 0x0000000100000000)
  region size 1024K, 0 young (0K), 0 survivors (0K)
 Metaspace       used 83194K, committed 83904K, reserved 1179648K
  class space    used 11559K, committed 11904K, reserved 1048576K
}
Event: 236.141 GC heap before
{Heap before GC invocations=46 (full 3):
 garbage-first heap   total 76800K, used 57923K [0x00000000c1600000, 0x0000000100000000)
  region size 1024K, 29 young (29696K), 0 survivors (0K)
 Metaspace       used 83409K, committed 84096K, reserved 1179648K
  class space    used 11585K, committed 11904K, reserved 1048576K
}

